#! /usr/local/bin/vvp
:ivl_version "13.0 (devel)" "(s20221226-321-gd22bb3d25-dirty)";
:ivl_delay_selection "TYPICAL";
:vpi_time_precision - 9;
:vpi_module "/usr/local/lib/ivl/system.vpi";
:vpi_module "/usr/local/lib/ivl/vhdl_sys.vpi";
:vpi_module "/usr/local/lib/ivl/vhdl_textio.vpi";
:vpi_module "/usr/local/lib/ivl/v2005_math.vpi";
:vpi_module "/usr/local/lib/ivl/va_math.vpi";
S_0x55887c2957b0 .scope module, "test_fa" "test_fa" 2 2;
 .timescale -9 -9;
v0x55887c2abc70_0 .var "a", 0 0;
v0x55887c2abd60_0 .var "b", 0 0;
v0x55887c2abe70_0 .var "cin", 0 0;
v0x55887c2abf60_0 .net "co", 0 0, L_0x55887c2ac6d0;  1 drivers
v0x55887c2ac000_0 .var/i "i", 31 0;
v0x55887c2ac0f0_0 .net "sum", 0 0, L_0x55887c2ac470;  1 drivers
S_0x55887c295940 .scope module, "dut" "fa" 2 8, 3 2 0, S_0x55887c2957b0;
 .timescale 0 0;
    .port_info 0 /INPUT 1 "a";
    .port_info 1 /INPUT 1 "b";
    .port_info 2 /INPUT 1 "cin";
    .port_info 3 /OUTPUT 1 "sum";
    .port_info 4 /OUTPUT 1 "co";
L_0x55887c2ac6d0 .functor OR 1, L_0x55887c2ac270, L_0x55887c2ac5b0, C4<0>, C4<0>;
v0x55887c2ab5c0_0 .net "a", 0 0, v0x55887c2abc70_0;  1 drivers
v0x55887c2ab680_0 .net "b", 0 0, v0x55887c2abd60_0;  1 drivers
v0x55887c2ab750_0 .net "cin", 0 0, v0x55887c2abe70_0;  1 drivers
v0x55887c2ab850_0 .net "co", 0 0, L_0x55887c2ac6d0;  alias, 1 drivers
v0x55887c2ab8f0_0 .net "co1", 0 0, L_0x55887c2ac270;  1 drivers
v0x55887c2ab9e0_0 .net "co2", 0 0, L_0x55887c2ac5b0;  1 drivers
v0x55887c2abab0_0 .net "sum", 0 0, L_0x55887c2ac470;  alias, 1 drivers
v0x55887c2abb80_0 .net "sum1", 0 0, L_0x55887c2ac1e0;  1 drivers
S_0x55887c25ad40 .scope module, "ins1" "ha" 3 5, 4 1 0, S_0x55887c295940;
 .timescale 0 0;
    .port_info 0 /INPUT 1 "a";
    .port_info 1 /INPUT 1 "b";
    .port_info 2 /OUTPUT 1 "sum";
    .port_info 3 /OUTPUT 1 "co";
L_0x55887c2ac1e0 .functor XOR 1, v0x55887c2abc70_0, v0x55887c2abd60_0, C4<0>, C4<0>;
L_0x55887c2ac270 .functor AND 1, v0x55887c2abc70_0, v0x55887c2abd60_0, C4<1>, C4<1>;
v0x55887c25af20_0 .net "a", 0 0, v0x55887c2abc70_0;  alias, 1 drivers
v0x55887c2aad10_0 .net "b", 0 0, v0x55887c2abd60_0;  alias, 1 drivers
v0x55887c2aadd0_0 .net "co", 0 0, L_0x55887c2ac270;  alias, 1 drivers
v0x55887c2aae70_0 .net "sum", 0 0, L_0x55887c2ac1e0;  alias, 1 drivers
S_0x55887c2aafb0 .scope module, "ins2" "ha" 3 6, 4 1 0, S_0x55887c295940;
 .timescale 0 0;
    .port_info 0 /INPUT 1 "a";
    .port_info 1 /INPUT 1 "b";
    .port_info 2 /OUTPUT 1 "sum";
    .port_info 3 /OUTPUT 1 "co";
L_0x55887c2ac470 .functor XOR 1, v0x55887c2abe70_0, L_0x55887c2ac1e0, C4<0>, C4<0>;
L_0x55887c2ac5b0 .functor AND 1, v0x55887c2abe70_0, L_0x55887c2ac1e0, C4<1>, C4<1>;
v0x55887c2ab240_0 .net "a", 0 0, v0x55887c2abe70_0;  alias, 1 drivers
v0x55887c2ab300_0 .net "b", 0 0, L_0x55887c2ac1e0;  alias, 1 drivers
v0x55887c2ab3c0_0 .net "co", 0 0, L_0x55887c2ac5b0;  alias, 1 drivers
v0x55887c2ab490_0 .net "sum", 0 0, L_0x55887c2ac470;  alias, 1 drivers
    .scope S_0x55887c2957b0;
T_0 ;
    %vpi_call 2 12 "$monitor", $time, "a %b b %b cin %b sum %b co %b", v0x55887c2abc70_0, v0x55887c2abd60_0, v0x55887c2abe70_0, v0x55887c2ac0f0_0, v0x55887c2abf60_0 {0 0 0};
    %pushi/vec4 0, 0, 32;
    %store/vec4 v0x55887c2ac000_0, 0, 32;
T_0.0 ; Top of for-loop 
    %load/vec4 v0x55887c2ac000_0;
    %cmpi/s 8, 0, 32;
    %jmp/0xz T_0.1, 5;
    %load/vec4 v0x55887c2ac000_0;
    %pad/s 3;
    %split/vec4 1;
    %store/vec4 v0x55887c2abe70_0, 0, 1;
    %split/vec4 1;
    %store/vec4 v0x55887c2abd60_0, 0, 1;
    %store/vec4 v0x55887c2abc70_0, 0, 1;
    %delay 5, 0;
T_0.2 ; for-loop step statement
    %load/vec4 v0x55887c2ac000_0;
    %addi 1, 0, 32;
    %store/vec4 v0x55887c2ac000_0, 0, 32;
    %jmp T_0.0;
T_0.1 ; for-loop exit label
    %delay 5, 0;
    %vpi_call 2 19 "$stop" {0 0 0};
    %end;
    .thread T_0;
    .scope S_0x55887c2957b0;
T_1 ;
    %vpi_call 2 23 "$dumpvars", 32'sb00000000000000000000000000000001 {0 0 0};
    %vpi_call 2 24 "$dumpfile", "wave.vcd" {0 0 0};
    %end;
    .thread T_1;
# The file index is used to find the file name in the following table.
:file_names 5;
    "N/A";
    "<interactive>";
    "test_fa.v";
    "fa.v";
    "./ha.v";
